# JRE version: Java(TM) SE Runtime Environment (15.0+36) (build 15+36-1562)
# Java VM: Java HotSpot(TM) 64-Bit Server VM (15+36-1562, mixed mode, sharing, tiered, compressed oops, g1 gc, windows-amd64)
GC Precious Log:
 CPUs: 4 total, 4 available
 Memory: 3981M
 Large Page Support: Disabled
 NUMA Support: Disabled
 Compressed Oops: Enabled (32-bit)
 Heap Region Size: 1M
 Heap Min Capacity: 256M
 Heap Initial Capacity: 256M
 Heap Max Capacity: 512M
 Pre-touch: Disabled
 Parallel Workers: 4
 Concurrent Workers: 1
 Concurrent Refinement Workers: 4
 Periodic GC: Disabled
Heap:
 garbage-first heap   total 296960K, used 285011K [0x00000000e0000000, 0x0000000100000000)
  region size 1024K, 115 young (117760K), 7 survivors (7168K)
 Metaspace       used 79646K, capacity 80969K, committed 81180K, reserved 325632K
  class space    used 10132K, capacity 10521K, committed 10604K, reserved 253952K
GC Heap History (20 events):
Event: 36.981 GC heap before
{Heap before GC invocations=5 (full 0):
 garbage-first heap   total 262144K, used 102741K [0x00000000e0000000, 0x0000000100000000)
  region size 1024K, 90 young (92160K), 10 survivors (10240K)
 Metaspace       used 35342K, capacity 35822K, committed 35888K, reserved 286720K
  class space    used 4548K, capacity 4721K, committed 4736K, reserved 253952K
}
Event: 37.012 GC heap after
{Heap after GC invocations=6 (full 0):
 garbage-first heap   total 262144K, used 26836K [0x00000000e0000000, 0x0000000100000000)
  region size 1024K, 14 young (14336K), 14 survivors (14336K)
 Metaspace       used 35342K, capacity 35822K, committed 35888K, reserved 286720K
  class space    used 4548K, capacity 4721K, committed 4736K, reserved 253952K
}
Event: 59.797 GC heap before
{Heap before GC invocations=7 (full 0):
 garbage-first heap   total 262144K, used 129236K [0x00000000e0000000, 0x0000000100000000)
  region size 1024K, 113 young (115712K), 14 survivors (14336K)
 Metaspace       used 41654K, capacity 42379K, committed 42652K, reserved 292864K
  class space    used 5314K, capacity 5533K, committed 5612K, reserved 253952K
}
Event: 59.848 GC heap after
{Heap after GC invocations=8 (full 0):
 garbage-first heap   total 262144K, used 36389K [0x00000000e0000000, 0x0000000100000000)
  region size 1024K, 15 young (15360K), 15 survivors (15360K)
 Metaspace       used 41654K, capacity 42379K, committed 42652K, reserved 292864K
  class space    used 5314K, capacity 5533K, committed 5612K, reserved 253952K
}
Event: 69.602 GC heap before
{Heap before GC invocations=8 (full 0):
 garbage-first heap   total 262144K, used 177701K [0x00000000e0000000, 0x0000000100000000)
  region size 1024K, 153 young (156672K), 15 survivors (15360K)
 Metaspace       used 58188K, capacity 59300K, committed 59420K, reserved 307200K
  class space    used 7406K, capacity 7764K, committed 7788K, reserved 253952K
}
Event: 69.659 GC heap after
{Heap after GC invocations=9 (full 0):
 garbage-first heap   total 262144K, used 48378K [0x00000000e0000000, 0x0000000100000000)
  region size 1024K, 20 young (20480K), 20 survivors (20480K)
 Metaspace       used 58188K, capacity 59300K, committed 59420K, reserved 307200K
  class space    used 7406K, capacity 7764K, committed 7788K, reserved 253952K
}
Event: 69.829 GC heap before
{Heap before GC invocations=9 (full 0):
 garbage-first heap   total 262144K, used 54522K [0x00000000e0000000, 0x0000000100000000)
  region size 1024K, 27 young (27648K), 20 survivors (20480K)
 Metaspace       used 59156K, capacity 60272K, committed 60316K, reserved 307200K
  class space    used 7537K, capacity 7894K, committed 7916K, reserved 253952K
}
Event: 69.876 GC heap after
{Heap after GC invocations=10 (full 0):
 garbage-first heap   total 262144K, used 49791K [0x00000000e0000000, 0x0000000100000000)
  region size 1024K, 2 young (2048K), 2 survivors (2048K)
 Metaspace       used 59156K, capacity 60272K, committed 60316K, reserved 307200K
  class space    used 7537K, capacity 7894K, committed 7916K, reserved 253952K
}
Event: 91.110 GC heap before
{Heap before GC invocations=11 (full 0):
 garbage-first heap   total 262144K, used 203391K [0x00000000e0000000, 0x0000000100000000)
  region size 1024K, 152 young (155648K), 2 survivors (2048K)
 Metaspace       used 75777K, capacity 77092K, committed 77212K, reserved 321536K
  class space    used 9797K, capacity 10201K, committed 10220K, reserved 253952K
}
Event: 91.145 GC heap after
{Heap after GC invocations=12 (full 0):
 garbage-first heap   total 262144K, used 63312K [0x00000000e0000000, 0x0000000100000000)
  region size 1024K, 16 young (16384K), 16 survivors (16384K)
 Metaspace       used 75777K, capacity 77092K, committed 77212K, reserved 321536K
  class space    used 9797K, capacity 10201K, committed 10220K, reserved 253952K
}
Event: 91.612 GC heap before
{Heap before GC invocations=12 (full 0):
 garbage-first heap   total 262144K, used 172880K [0x00000000e0000000, 0x0000000100000000)
  region size 1024K, 58 young (59392K), 16 survivors (16384K)
 Metaspace       used 75819K, capacity 77092K, committed 77212K, reserved 321536K
  class space    used 9797K, capacity 10201K, committed 10220K, reserved 253952K
}
Event: 91.644 GC heap after
{Heap after GC invocations=13 (full 0):
 garbage-first heap   total 262144K, used 88588K [0x00000000e0000000, 0x0000000100000000)
  region size 1024K, 10 young (10240K), 10 survivors (10240K)
 Metaspace       used 75819K, capacity 77092K, committed 77212K, reserved 321536K
  class space    used 9797K, capacity 10201K, committed 10220K, reserved 253952K
}
Event: 92.845 GC heap before
{Heap before GC invocations=14 (full 0):
 garbage-first heap   total 262144K, used 172556K [0x00000000e0000000, 0x0000000100000000)
  region size 1024K, 56 young (57344K), 10 survivors (10240K)
 Metaspace       used 76592K, capacity 77841K, committed 77980K, reserved 323584K
  class space    used 9825K, capacity 10193K, committed 10220K, reserved 253952K
}
Event: 92.854 GC heap after
{Heap after GC invocations=15 (full 0):
 garbage-first heap   total 262144K, used 101879K [0x00000000e0000000, 0x0000000100000000)
  region size 1024K, 5 young (5120K), 5 survivors (5120K)
 Metaspace       used 76592K, capacity 77841K, committed 77980K, reserved 323584K
  class space    used 9825K, capacity 10193K, committed 10220K, reserved 253952K
}
Event: 93.331 GC heap before
{Heap before GC invocations=16 (full 0):
 garbage-first heap   total 262144K, used 159223K [0x00000000e0000000, 0x0000000100000000)
  region size 1024K, 31 young (31744K), 5 survivors (5120K)
 Metaspace       used 76610K, capacity 77841K, committed 77980K, reserved 323584K
  class space    used 9825K, capacity 10193K, committed 10220K, reserved 253952K
}
Event: 93.337 GC heap after
{Heap after GC invocations=17 (full 0):
 garbage-first heap   total 262144K, used 116051K [0x00000000e0000000, 0x0000000100000000)
  region size 1024K, 5 young (5120K), 5 survivors (5120K)
 Metaspace       used 76610K, capacity 77841K, committed 77980K, reserved 323584K
  class space    used 9825K, capacity 10193K, committed 10220K, reserved 253952K
}
Event: 93.862 GC heap before
{Heap before GC invocations=18 (full 0):
 garbage-first heap   total 290816K, used 215379K [0x00000000e0000000, 0x0000000100000000)
  region size 1024K, 41 young (41984K), 5 survivors (5120K)
 Metaspace       used 76614K, capacity 77841K, committed 77980K, reserved 323584K
  class space    used 9825K, capacity 10193K, committed 10220K, reserved 253952K
}
Event: 93.870 GC heap after
{Heap after GC invocations=19 (full 0):
 garbage-first heap   total 290816K, used 123722K [0x00000000e0000000, 0x0000000100000000)
  region size 1024K, 7 young (7168K), 7 survivors (7168K)
 Metaspace       used 76614K, capacity 77841K, committed 77980K, reserved 323584K
  class space    used 9825K, capacity 10193K, committed 10220K, reserved 253952K
}
Event: 94.388 GC heap before
{Heap before GC invocations=20 (full 0):
 garbage-first heap   total 290816K, used 213834K [0x00000000e0000000, 0x0000000100000000)
  region size 1024K, 50 young (51200K), 7 survivors (7168K)
 Metaspace       used 76626K, capacity 77841K, committed 77980K, reserved 323584K
  class space    used 9825K, capacity 10193K, committed 10220K, reserved 253952K
}
Event: 94.395 GC heap after
{Heap after GC invocations=21 (full 0):
 garbage-first heap   total 290816K, used 133459K [0x00000000e0000000, 0x0000000100000000)
  region size 1024K, 7 young (7168K), 7 survivors (7168K)
 Metaspace       used 76626K, capacity 77841K, committed 77980K, reserved 323584K
  class space    used 9825K, capacity 10193K, committed 10220K, reserved 253952K
}

